2025-08-22 13:24:48,987 INFO DBڑ: .\db\app.db
2025-08-22 13:24:49,173 INFO todoe[u
2025-08-22 13:25:43,820 INFO DBڑ: .\db\app.db
2025-08-22 13:25:43,821 INFO todoe[u
2025-08-22 13:26:28,578 INFO DBڑ: .\db\app.db
2025-08-22 13:26:28,578 INFO todoe[u
2025-08-22 13:26:38,541 INFO DBڑ: .\db\app.db
2025-08-22 13:26:38,542 INFO todoe[u
2025-08-22 13:26:38,701 INFO TODOǉ: abc
2025-08-22 13:26:47,778 INFO DBڑ: .\db\app.db
2025-08-22 13:26:47,779 INFO todoe[u
2025-08-22 13:26:47,903 INFO TODO폜: id=1
2025-08-22 13:26:47,903 ERROR TODO폜s: module 'streamlit' has no attribute 'experimental_rerun'
2025-08-22 13:27:43,176 INFO DB接続成功: .\db\app.db
2025-08-22 13:27:43,178 INFO todoテーブル初期化完了
2025-08-22 13:28:06,300 INFO DB接続成功: .\db\app.db
2025-08-22 13:28:06,301 INFO todoテーブル初期化完了
2025-08-22 13:28:06,430 INFO TODO追加: abc
2025-08-22 13:28:09,885 INFO DB接続成功: .\db\app.db
2025-08-22 13:28:09,886 INFO todoテーブル初期化完了
2025-08-22 13:28:10,005 INFO TODO完了状態変更: id=2 -> True
2025-08-22 13:28:10,067 INFO DB接続成功: .\db\app.db
2025-08-22 13:28:10,068 INFO todoテーブル初期化完了
2025-08-22 13:28:12,487 INFO DB接続成功: .\db\app.db
2025-08-22 13:28:12,488 INFO todoテーブル初期化完了
2025-08-22 13:28:12,618 INFO TODO追加: abc222
2025-08-22 13:28:14,935 INFO DB接続成功: .\db\app.db
2025-08-22 13:28:14,936 INFO todoテーブル初期化完了
2025-08-22 13:28:15,075 INFO TODO削除: id=3
2025-08-22 13:28:15,169 INFO DB接続成功: .\db\app.db
2025-08-22 13:28:15,170 INFO todoテーブル初期化完了
2025-08-22 13:29:48,197 INFO DB接続成功: .\db\app.db
2025-08-22 13:29:48,197 INFO todoテーブル初期化完了
2025-08-22 13:30:36,840 INFO DB接続成功: .\db\app.db
2025-08-22 13:30:36,841 INFO todoテーブル初期化完了
2025-08-22 13:30:49,764 INFO DB接続成功: .\db\app.db
2025-08-22 13:30:49,764 INFO todoテーブル初期化完了
2025-08-22 13:30:56,617 INFO DB接続成功: .\db\app.db
2025-08-22 13:30:56,618 INFO todoテーブル初期化完了
2025-08-22 13:30:56,746 INFO TODO追加: abc2
2025-08-22 13:32:30,487 INFO DB接続成功: .\db\app.db
2025-08-22 13:32:30,488 INFO todoテーブル初期化完了
2025-08-22 13:33:07,718 INFO DB接続成功: .\db\app.db
2025-08-22 13:33:07,719 INFO todoテーブル初期化完了
2025-08-22 13:33:33,029 INFO DB接続成功: .\db\app.db
2025-08-22 13:33:33,030 INFO todoテーブル初期化完了
2025-08-22 13:33:33,128 INFO TODO追加: STのスライドを作成する
